<?xml version="1.0" encoding="UTF-8"?>
<!-- Generated by org.testng.reporters.JUnitReportReporter -->
<testsuite hostname="TYSS-Manoj" failures="0" tests="1" name="TestCase.validateTitle" time="0.202" errors="0" timestamp="2024-05-02T17:13:26 IST" skipped="0">
  <testcase classname="TestCase.validateTitle" name="validateTitles" time="0.202"/>
  <system-out/>
</testsuite> <!-- TestCase.validateTitle -->
