<?xml version="1.0" encoding="UTF-8"?>
<!-- Generated by org.testng.reporters.JUnitReportReporter -->
<testsuite hostname="TYSS-Manoj" failures="0" tests="1" name="github.CreateRepo" time="5.658" errors="0" timestamp="2024-01-29T11:52:08 IST" skipped="0">
  <testcase classname="github.CreateRepo" name="CreateARepo" time="5.658"/>
  <system-out/>
</testsuite> <!-- github.CreateRepo -->
