<?xml version="1.0" encoding="UTF-8"?>
<!-- Generated by org.testng.reporters.JUnitReportReporter -->
<testsuite hostname="TYSS-Manoj" failures="0" tests="2" name="reqres.Users" time="1.433" errors="0" timestamp="2024-04-02T18:30:30 IST" skipped="0">
  <testcase classname="reqres.Users" name="ListUsers" time="0.076"/>
  <system-out/>
  <testcase classname="reqres.Users" name="CreateUser" time="1.357"/>
  <system-out/>
</testsuite> <!-- reqres.Users -->
