<?xml version="1.0" encoding="UTF-8"?>
<!-- Generated by org.testng.reporters.JUnitReportReporter -->
<testsuite hostname="TYSS-Manoj" failures="0" tests="1" name="com.qa.tests.PostAPITest" time="2.040" errors="0" timestamp="2023-09-06T13:22:40 IST" skipped="0">
  <testcase classname="com.qa.tests.PostAPITest" name="postAPITest" time="2.040"/>
  <system-out/>
</testsuite> <!-- com.qa.tests.PostAPITest -->
