<?xml version="1.0" encoding="UTF-8"?>
<!-- Generated by org.testng.reporters.JUnitReportReporter -->
<testsuite hostname="TYSS-Manoj" failures="0" tests="2" name="com.qa.tests.GetAPITest" time="1.738" errors="0" timestamp="2023-09-06T13:22:40 IST" skipped="0">
  <testcase classname="com.qa.tests.GetAPITest" name="getAPITestWithoutHeader" time="1.132"/>
  <system-out/>
  <testcase classname="com.qa.tests.GetAPITest" name="getAPITestWithHeader" time="0.606"/>
  <system-out/>
</testsuite> <!-- com.qa.tests.GetAPITest -->
