<?xml version="1.0" encoding="UTF-8"?>
<!-- Generated by org.testng.reporters.JUnitReportReporter -->
<testsuite hostname="TYSS-Manoj" failures="0" tests="1" name="com.qa.tests.DeleteAPITest" time="1.287" errors="0" timestamp="2023-09-06T13:22:40 IST" skipped="0">
  <testcase classname="com.qa.tests.DeleteAPITest" name="deleteAPITest" time="1.287"/>
  <system-out/>
</testsuite> <!-- com.qa.tests.DeleteAPITest -->
