<?xml version="1.0" encoding="UTF-8"?>
<!-- Generated by org.testng.reporters.JUnitReportReporter -->
<testsuite hostname="TYSS-Manoj" failures="0" tests="1" name="SeleniumWithMaven.WebTest" time="0.020" errors="0" timestamp="2023-05-05T15:50:15 IST" skipped="0">
  <testcase classname="SeleniumWithMaven.WebTest" name="web1" time="0.020"/>
  <system-out/>
</testsuite> <!-- SeleniumWithMaven.WebTest -->
