<?xml version="1.0" encoding="UTF-8"?>
<!-- Generated by org.testng.reporters.JUnitReportReporter -->
<testsuite hostname="TYSS-Manoj" failures="0" tests="2" name="SeleniumWithMaven.AppiumTest" time="0.009" errors="0" timestamp="2023-05-31T09:29:21 IST" skipped="0">
  <testcase classname="SeleniumWithMaven.AppiumTest" name="iosmob" time="0.001"/>
  <system-out/>
  <testcase classname="SeleniumWithMaven.AppiumTest" name="androidmob" time="0.008"/>
  <system-out/>
</testsuite> <!-- SeleniumWithMaven.AppiumTest -->
