<?xml version="1.0" encoding="UTF-8"?>
<!-- Generated by org.testng.reporters.JUnitReportReporter -->
<testsuite hostname="TYSS-Manoj" failures="0" tests="3" name="SampleTestNG.CarLone2" time="0.017" errors="0" timestamp="2023-05-03T11:18:15 IST" skipped="0">
  <testcase classname="SampleTestNG.CarLone2" name="webCarLone" time="0.014"/>
  <system-out/>
  <testcase classname="SampleTestNG.CarLone2" name="MobileCarLone" time="0.001"/>
  <system-out/>
  <testcase classname="SampleTestNG.CarLone2" name="APICarLone" time="0.002"/>
  <system-out/>
</testsuite> <!-- SampleTestNG.CarLone2 -->
