<?xml version="1.0" encoding="UTF-8"?>
<!-- Generated by org.testng.reporters.JUnitReportReporter -->
<testsuite hostname="TYSS-Manoj" failures="0" tests="3" name="SampleTestNG.Parametrs2" time="0.007" errors="0" timestamp="2023-04-26T14:43:12 IST" skipped="0">
  <testcase classname="SampleTestNG.Parametrs2" name="APIHomeLone" time="0.003"/>
  <system-out/>
  <testcase classname="SampleTestNG.Parametrs2" name="webHomeLone" time="0.002"/>
  <system-out/>
  <testcase classname="SampleTestNG.Parametrs2" name="MobileHomeLoneLogin" time="0.002"/>
  <system-out/>
</testsuite> <!-- SampleTestNG.Parametrs2 -->
