<?xml version="1.0" encoding="UTF-8"?>
<!-- Generated by org.testng.reporters.JUnitReportReporter -->
<testsuite hostname="TYSS-Manoj" failures="0" tests="2" name="SampleTestNG.HomeLone" time="0.012" errors="0" timestamp="2024-05-25T13:16:04 IST" skipped="0">
  <testcase classname="SampleTestNG.HomeLone" name="webHomeLone" time="0.001"/>
  <system-out/>
  <testcase classname="SampleTestNG.HomeLone" name="MobileHomeLoneSignIn" time="0.011"/>
  <system-out/>
</testsuite> <!-- SampleTestNG.HomeLone -->
