<?xml version="1.0" encoding="UTF-8"?>
<!-- Generated by org.testng.reporters.JUnitReportReporter -->
<testsuite hostname="TYSS-Manoj" failures="0" tests="1" name="SampleTestNG.File_Taking_From_Globale_Varable_File" time="0.006" errors="0" timestamp="2023-05-03T13:26:05 IST" skipped="0">
  <testcase classname="SampleTestNG.File_Taking_From_Globale_Varable_File" name="file" time="0.006"/>
  <system-out/>
</testsuite> <!-- SampleTestNG.File_Taking_From_Globale_Varable_File -->
