<?xml version="1.0" encoding="UTF-8"?>
<!-- Generated by org.testng.reporters.JUnitReportReporter -->
<testsuite hostname="TYSS-Manoj" failures="0" tests="3" name="SampleTestNG.Parametrs" time="0.059" errors="0" timestamp="2023-04-28T12:19:45 IST" skipped="0">
  <testcase classname="SampleTestNG.Parametrs" name="webHomeLone" time="0.048"/>
  <system-out/>
  <testcase classname="SampleTestNG.Parametrs" name="MobileHomeLoneLogin" time="0.005"/>
  <system-out/>
  <testcase classname="SampleTestNG.Parametrs" name="APIHomeLone" time="0.006"/>
  <system-out/>
</testsuite> <!-- SampleTestNG.Parametrs -->
