<?xml version="1.0" encoding="UTF-8"?>
<!-- Generated by org.testng.reporters.JUnitReportReporter -->
<testsuite hostname="TYSS-Manoj" failures="0" tests="1" name="SampleTestNG.Test1" time="0.021" errors="0" timestamp="2023-05-18T19:07:43 IST" skipped="0">
  <testcase classname="SampleTestNG.Test1" name="demo1" time="0.021"/>
  <system-out/>
</testsuite> <!-- SampleTestNG.Test1 -->
