<?xml version="1.0" encoding="UTF-8"?>
<!-- Generated by org.testng.reporters.JUnitReportReporter -->
<testsuite hostname="TYSS-Manoj" failures="0" tests="1" name="SampleTestNG.CarLone" time="0.000" errors="0" timestamp="2024-05-25T13:16:04 IST" skipped="0">
  <testcase classname="SampleTestNG.CarLone" name="APICarLone" time="0.000"/>
  <system-out/>
</testsuite> <!-- SampleTestNG.CarLone -->
