<?xml version="1.0" encoding="UTF-8"?>
<!-- Generated by org.testng.reporters.JUnitReportReporter -->
<testsuite hostname="TYSS-Manoj" failures="0" tests="4" name="SampleTestNG.DataProviders" time="0.015" errors="0" timestamp="2023-05-31T18:11:58 IST" skipped="0">
  <testcase classname="SampleTestNG.DataProviders" name="dates" time="0.010"/>
  <system-out/>
  <testcase classname="SampleTestNG.DataProviders" name="dates" time="0.001"/>
  <system-out/>
  <testcase classname="SampleTestNG.DataProviders" name="dates" time="0.001"/>
  <system-out/>
  <testcase classname="SampleTestNG.DataProviders" name="dates" time="0.003"/>
  <system-out/>
</testsuite> <!-- SampleTestNG.DataProviders -->
