<?xml version="1.0" encoding="UTF-8"?>
<!-- Generated by org.testng.reporters.JUnitReportReporter -->
<testsuite hostname="TYSS-Manoj" failures="0" tests="5" name="SampleTestNG.Helper_Attrubutes_Of_TestNG" time="0.024" errors="0" timestamp="2024-05-25T15:48:36 IST" skipped="1">
  <testcase classname="SampleTestNG.Helper_Attrubutes_Of_TestNG" name="MobileHomeLoneSignOut" time="0.004"/>
  <system-out/>
  <testcase classname="SampleTestNG.Helper_Attrubutes_Of_TestNG" name="webHomeLone" time="0.002"/>
  <system-out/>
  <testcase classname="SampleTestNG.Helper_Attrubutes_Of_TestNG" name="MobileHomeLoneLogin" time="0.013"/>
  <system-out/>
  <testcase classname="SampleTestNG.Helper_Attrubutes_Of_TestNG" name="MobileHomeLoneSignIn" time="0.005"/>
  <system-out/>
  <testcase classname="SampleTestNG.Helper_Attrubutes_Of_TestNG" name="APIHomeLone">
    <skipped/>
  </testcase> <!-- APIHomeLone -->
  <system-out/>
</testsuite> <!-- SampleTestNG.Helper_Attrubutes_Of_TestNG -->
