<?xml version="1.0" encoding="UTF-8"?>
<!-- Generated by org.testng.reporters.JUnitReportReporter -->
<testsuite hostname="TYSS-Manoj" failures="0" tests="1" name="RestAssuredTests.TC006_Autherization" time="7.381" errors="0" timestamp="2023-09-07T13:40:35 IST" skipped="0">
  <testcase classname="RestAssuredTests.TC006_Autherization" name="get" time="7.381"/>
  <system-out/>
</testsuite> <!-- RestAssuredTests.TC006_Autherization -->
