<?xml version="1.0" encoding="UTF-8"?>
<!-- Generated by org.testng.reporters.JUnitReportReporter -->
<testsuite hostname="TYSS-Manoj" failures="0" tests="1" name="RestAssuredTests.TC005_Post_Validate_All_Body" time="4.721" errors="0" timestamp="2023-09-07T13:01:36 IST" skipped="0">
  <testcase classname="RestAssuredTests.TC005_Post_Validate_All_Body" name="post" time="4.721"/>
  <system-out/>
</testsuite> <!-- RestAssuredTests.TC005_Post_Validate_All_Body -->
