<?xml version="1.0" encoding="UTF-8"?>
<!-- Generated by org.testng.reporters.JUnitReportReporter -->
<testsuite hostname="TYSS-Manoj" failures="0" tests="1" name="RestAssuredTests.TC001_Get" time="2.484" errors="0" timestamp="2023-09-07T10:33:58 IST" skipped="0">
  <testcase classname="RestAssuredTests.TC001_Get" name="getWetherDetails" time="2.484"/>
  <system-out/>
</testsuite> <!-- RestAssuredTests.TC001_Get -->
