<?xml version="1.0" encoding="UTF-8"?>
<!-- Generated by org.testng.reporters.JUnitReportReporter -->
<testsuite hostname="TYSS-Manoj" failures="0" tests="1" name="RestAssuredTests.TC002_Post" time="4.278" errors="0" timestamp="2023-09-07T11:14:06 IST" skipped="0">
  <testcase classname="RestAssuredTests.TC002_Post" name="post" time="4.278"/>
  <system-out/>
</testsuite> <!-- RestAssuredTests.TC002_Post -->
