<?xml version="1.0" encoding="UTF-8"?>
<!-- Generated by org.testng.reporters.JUnitReportReporter -->
<testsuite hostname="TYSS-Manoj" failures="0" tests="1" name="RestAssuredTestsPractice.TC002_Post" time="2.173" errors="0" timestamp="2024-01-02T11:40:21 IST" skipped="0">
  <testcase classname="RestAssuredTestsPractice.TC002_Post" name="post" time="2.173"/>
  <system-out/>
</testsuite> <!-- RestAssuredTestsPractice.TC002_Post -->
