<?xml version="1.0" encoding="UTF-8"?>
<!-- Generated by org.testng.reporters.JUnitReportReporter -->
<testsuite hostname="TYSS-Manoj" failures="0" tests="1" name="RestAssuredTests.TC003_Get_All_The_Headers" time="3.805" errors="0" timestamp="2023-09-07T12:50:23 IST" skipped="0">
  <testcase classname="RestAssuredTests.TC003_Get_All_The_Headers" name="get" time="3.805"/>
  <system-out/>
</testsuite> <!-- RestAssuredTests.TC003_Get_All_The_Headers -->
