<?xml version="1.0" encoding="UTF-8"?>
<!-- Generated by org.testng.reporters.JUnitReportReporter -->
<testsuite hostname="TYSS-Manoj" failures="0" tests="1" name="RestAssuredTests.TC004_Get_Validate_Single_Body" time="4.155" errors="0" timestamp="2023-09-07T12:56:26 IST" skipped="0">
  <testcase classname="RestAssuredTests.TC004_Get_Validate_Single_Body" name="get" time="4.155"/>
  <system-out/>
</testsuite> <!-- RestAssuredTests.TC004_Get_Validate_Single_Body -->
