<?xml version="1.0" encoding="UTF-8"?>
<!-- Generated by org.testng.reporters.JUnitReportReporter -->
<testsuite hostname="TYSS-Manoj" failures="0" tests="1" name="Test_Case_Normal.Login_To_Aplication_And_Search_A_Product_Normal" time="7.369" errors="0" timestamp="2023-05-31T12:32:33 IST" skipped="0">
  <testcase classname="Test_Case_Normal.Login_To_Aplication_And_Search_A_Product_Normal" name="Login_To_Aplication_And_Search_A_Product_Normal" time="7.369"/>
  <system-out/>
</testsuite> <!-- Test_Case_Normal.Login_To_Aplication_And_Search_A_Product_Normal -->
