<?xml version="1.0" encoding="UTF-8"?>
<!-- Generated by org.testng.reporters.JUnitReportReporter -->
<testsuite hostname="TYSS-Manoj" failures="0" tests="1" name="Selenium_For_PE.Windows_Automation" time="0.680" errors="0" timestamp="2024-03-22T15:10:59 IST" skipped="0">
  <testcase classname="Selenium_For_PE.Windows_Automation" name="setup" time="0.680"/>
  <system-out/>
</testsuite> <!-- Selenium_For_PE.Windows_Automation -->
