<?xml version="1.0" encoding="UTF-8"?>
<!-- Generated by org.testng.reporters.JUnitReportReporter -->
<testsuite hostname="TYSS-Manoj" failures="0" tests="1" name="Data_Driver_Parametirization_From_Properties_File.Opening_softcoded_Browsers" time="5.735" errors="0" timestamp="2023-05-04T14:42:55 IST" skipped="0">
  <testcase classname="Data_Driver_Parametirization_From_Properties_File.Opening_softcoded_Browsers" name="openBrowserAndLogInToUrl" time="5.735"/>
  <system-out/>
</testsuite> <!-- Data_Driver_Parametirization_From_Properties_File.Opening_softcoded_Browsers -->
