<?xml version="1.0" encoding="UTF-8"?>
<!-- Generated by org.testng.reporters.JUnitReportReporter -->
<testsuite hostname="TYSS-Manoj" failures="0" tests="1" name="Performance_Testing.Headless_Testing" time="4.366" errors="0" timestamp="2023-06-14T11:27:00 IST" skipped="0">
  <testcase classname="Performance_Testing.Headless_Testing" name="headless_Browser" time="4.366"/>
  <system-out/>
</testsuite> <!-- Performance_Testing.Headless_Testing -->
