<?xml version="1.0" encoding="UTF-8"?>
<!-- Generated by org.testng.reporters.JUnitReportReporter -->
<testsuite hostname="TYSS-Manoj" failures="0" tests="1" name="Selenium_For_PE.Open_Browser_In_Incognito" time="7.318" errors="0" timestamp="2023-05-03T09:54:04 IST" skipped="0">
  <testcase classname="Selenium_For_PE.Open_Browser_In_Incognito" name="openbrowser" time="7.318"/>
  <system-out/>
</testsuite> <!-- Selenium_For_PE.Open_Browser_In_Incognito -->
