<?xml version="1.0" encoding="UTF-8"?>
<!-- Generated by org.testng.reporters.JUnitReportReporter -->
<testsuite hostname="TYSS-Manoj" failures="0" tests="2" name="Data_Driver_Parametirization_From_Properties_File.How_To_Deal_With_Reusable_Components" time="4.700" errors="0" timestamp="2023-05-04T14:50:07 IST" skipped="0">
  <testcase classname="Data_Driver_Parametirization_From_Properties_File.How_To_Deal_With_Reusable_Components" name="openBrowserAndLogInToUrl" time="4.609"/>
  <system-out/>
  <testcase classname="Data_Driver_Parametirization_From_Properties_File.How_To_Deal_With_Reusable_Components" name="other" time="0.091"/>
  <system-out/>
</testsuite> <!-- Data_Driver_Parametirization_From_Properties_File.How_To_Deal_With_Reusable_Components -->
